Crashlog created at 2021-04-25 23:50:44 +0100

===== MESSAGE:

Nanoc::Core::ConfigLoader::NoConfigFileFoundError: No configuration file found

===== STACK TRACE:

  18. from /usr/local/bin/nanoc:23:in `<main>'
  17. from /usr/local/bin/nanoc:23:in `load'
  16. from /var/lib/gems/2.5.0/gems/nanoc-4.11.23/bin/nanoc:18:in `<top (required)>'
  15. from /var/lib/gems/2.5.0/gems/nanoc-cli-4.11.23/lib/nanoc/cli.rb:86:in `run'
  14. from /var/lib/gems/2.5.0/gems/nanoc-cli-4.11.23/lib/nanoc/cli/error_handler.rb:15:in `handle_while'
  13. from /var/lib/gems/2.5.0/gems/nanoc-cli-4.11.23/lib/nanoc/cli/error_handler.rb:57:in `handle_while'
  12. from /var/lib/gems/2.5.0/gems/nanoc-cli-4.11.23/lib/nanoc/cli/error_handler.rb:15:in `block in handle_while'
  11. from /var/lib/gems/2.5.0/gems/nanoc-cli-4.11.23/lib/nanoc/cli.rb:88:in `block in run'
  10. from /var/lib/gems/2.5.0/gems/cri-2.15.11/lib/cri/command.rb:316:in `run'
  9. from /var/lib/gems/2.5.0/gems/cri-2.15.11/lib/cri/command.rb:298:in `run'
  8. from /var/lib/gems/2.5.0/gems/cri-2.15.11/lib/cri/command.rb:362:in `run_this'
  7. from /var/lib/gems/2.5.0/gems/cri-2.15.11/lib/cri/command_dsl.rb:294:in `block in runner'
  6. from /var/lib/gems/2.5.0/gems/nanoc-cli-4.11.23/lib/nanoc/cli/command_runner.rb:14:in `call'
  5. from /var/lib/gems/2.5.0/gems/nanoc-cli-4.11.23/lib/nanoc/cli/error_handler.rb:15:in `handle_while'
  4. from /var/lib/gems/2.5.0/gems/nanoc-cli-4.11.23/lib/nanoc/cli/error_handler.rb:57:in `handle_while'
  3. from /var/lib/gems/2.5.0/gems/nanoc-cli-4.11.23/lib/nanoc/cli/error_handler.rb:15:in `block in handle_while'
  2. from /var/lib/gems/2.5.0/gems/nanoc-cli-4.11.23/lib/nanoc/cli/command_runner.rb:15:in `block in call'
  1. from /var/lib/gems/2.5.0/gems/nanoc-cli-4.11.23/lib/nanoc/cli/commands/view.rb:22:in `run'
  /var/lib/gems/2.5.0/gems/nanoc-core-4.11.23/lib/nanoc/core/config_loader.rb:45:in `new_from_cwd'

===== VERSION INFORMATION:

Nanoc 4.11.23 © 2007–2021 Denis Defreyne.
Running ruby 2.5.1 (2018-03-29) on x86_64-linux-gnu with RubyGems 3.0.4.

===== SYSTEM INFORMATION:

Linux unveil 4.15.0-135-generic #139-Ubuntu SMP Mon Jan 18 17:38:24 UTC 2021 x86_64 x86_64 x86_64 GNU/Linux

===== INSTALLED GEMS:

  addressable 2.6.0, 2.7.0
  adsf 1.4.1, 1.4.2, 1.4.5
  ast 2.4.0, 2.4.2
  backport 1.1.1, 1.1.2
  benchmark 0.1.1
  bigdecimal 1.3.4, 1.4.4, 3.0.0
  bundler 1.17.3, 2.0.2, 2.2.7
  cmath 1.0.0
  colored 1.2
  concurrent-ruby 1.1.5, 1.1.8
  cri 2.15.5, 2.15.9, 2.15.11
  csv 1.0.0, 3.1.1, 3.1.9
  date 1.0.0, 2.0.0, 3.1.1
  dbm 1.0.0
  ddmemoize 1.0.0
  ddmetrics 1.0.1
  ddplugin 1.0.2, 1.0.3
  debase-ruby_core_source 0.10.5, 0.10.12
  did_you_mean 1.2.0, 1.3.0, 1.5.0
  diff-lcs 1.3, 1.4.4
  down 5.2.0
  e2mmap 0.1.0
  equatable 0.5.0, 0.6.0, 0.6.1
  etc 1.0.0, 1.0.1, 1.2.0
  exifr 1.3.9
  fastri 0.3.1.1
  fcntl 1.0.0
  fiddle 1.0.0
  fileutils 1.0.2, 1.2.0, 1.5.0
  fspath 3.1.2
  gdbm 2.0.0
  hamster 3.0.0
  htmlentities 4.3.4
  image_optim 0.28.0
  image_optim_pack 0.7.0
  image_size 2.1.0
  in_threads 1.5.4
  io-console 0.4.6, 0.4.7, 0.4.8, 0.5.7
  ipaddr 1.2.0, 1.2.2
  jaro_winkler 1.5.3, 1.5.4
  json 2.1.0, 2.2.0, 2.5.1
  json_schema 0.20.6, 0.20.7, 0.20.9
  kramdown 1.17.0, 2.1.0, 2.3.0
  kramdown-parser-gfm 1.1.0
  maruku 0.7.3
  mini_magick 4.11.0
  mini_portile2 2.4.0, 2.5.0
  minitest 5.10.3, 5.11.3, 5.14.3
  nanoc 4.11.5, 4.11.6, 4.11.9, 4.11.23
  nanoc-checking 1.0.1
  nanoc-cli 4.11.23
  nanoc-core 4.11.5, 4.11.6, 4.11.9, 4.11.23
  nanoc-deploying 1.0.1
  necromancer 0.4.0, 0.5.0, 0.7.0
  net-telnet 0.1.1, 0.2.0
  nokogiri 1.10.3, 1.10.4, 1.11.1
  openssl 2.1.1, 2.2.0
  parallel 1.17.0, 1.20.1
  parser 2.6.3.0, 3.0.0.0
  pastel 0.7.2, 0.7.3, 0.8.0
  power_assert 0.2.7, 1.1.4, 1.1.5, 2.0.0
  progress 3.5.2
  psych 3.0.2, 3.1.0, 3.3.0
  public_suffix 3.0.3, 3.1.0, 4.0.0, 4.0.1, 4.0.6
  racc 1.5.2
  rack 2.0.7, 2.2.3
  rainbow 3.0.0
  rake 12.3.1, 12.3.2, 12.3.3, 13.0.3
  rcodetools 0.8.5.0
  rdoc 6.0.1, 6.1.1, 6.3.0
  ref 2.0.0
  regexp_parser 2.0.3
  reverse_markdown 1.1.0, 2.0.0
  rexml 3.2.4
  rubocop 0.71.0, 0.73.0, 0.74.0, 1.9.1
  rubocop-ast 1.4.1
  ruby-progressbar 1.10.1, 1.11.0
  rubygems-update 3.0.4, 3.0.6, 3.2.7
  scanf 1.0.0
  sdbm 1.0.0
  slow_enumerator_tools 1.1.0
  solargraph 0.33.2, 0.35.0, 0.36.0, 0.40.2
  stringio 0.0.1, 0.0.2, 3.0.0
  strscan 1.0.0, 3.0.0
  test-unit 3.2.5, 3.3.3, 3.4.0
  thor 0.20.3, 1.1.0
  tilt 2.0.9, 2.0.10
  timers 4.3.0, 4.3.2
  tomlrb 1.2.8, 2.0.1
  tty-color 0.4.3, 0.5.0, 0.6.0
  tty-command 0.8.2, 0.10.0
  tty-cursor 0.6.1, 0.7.0, 0.7.1
  tty-file 0.7.1, 0.8.0, 0.10.0
  tty-platform 0.2.0, 0.2.1, 0.3.0
  tty-prompt 0.18.1, 0.19.0, 0.23.0
  tty-reader 0.5.0, 0.6.0, 0.9.0
  tty-screen 0.6.5, 0.7.0, 0.8.1
  tty-which 0.4.0, 0.4.1, 0.4.2
  unicode-display_width 1.6.0, 2.0.0
  webrick 1.4.2, 1.7.0
  wisper 2.0.0, 2.0.1
  yard 0.9.19, 0.9.20, 0.9.26
  zeitwerk 2.1.6, 2.1.9, 2.4.2
  zlib 1.0.0, 1.1.0

===== LOAD PATHS:

  0. /var/lib/gems/2.5.0/gems/ref-2.0.0/lib
  1. /var/lib/gems/2.5.0/gems/did_you_mean-1.5.0/lib
  2. /var/lib/gems/2.5.0/gems/colored-1.2/lib
  3. /var/lib/gems/2.5.0/gems/ddmetrics-1.0.1/lib
  4. /var/lib/gems/2.5.0/gems/ref-2.0.0/lib
  5. /var/lib/gems/2.5.0/gems/ddmemoize-1.0.0/lib
  6. /var/lib/gems/2.5.0/gems/hamster-3.0.0/lib
  7. /var/lib/gems/2.5.0/gems/slow_enumerator_tools-1.1.0/lib
  8. /var/lib/gems/2.5.0/gems/tomlrb-1.2.8/lib
  9. /var/lib/gems/2.5.0/gems/nanoc-core-4.11.23/lib
  10. /var/lib/gems/2.5.0/gems/nanoc-cli-4.11.23/lib
  11. /var/lib/gems/2.5.0/gems/nanoc-checking-1.0.1/lib
  12. /var/lib/gems/2.5.0/gems/nanoc-deploying-1.0.1/lib
  13. /var/lib/gems/2.5.0/gems/nanoc-4.11.23/lib
  14. /var/lib/gems/2.5.0/gems/public_suffix-4.0.6/lib
  15. /var/lib/gems/2.5.0/gems/addressable-2.7.0/lib
  16. /var/lib/gems/2.5.0/gems/cri-2.15.11/lib
  17. /var/lib/gems/2.5.0/gems/diff-lcs-1.4.4/lib
  18. /var/lib/gems/2.5.0/gems/concurrent-ruby-1.1.8/lib/concurrent-ruby
  19. /var/lib/gems/2.5.0/gems/ddplugin-1.0.3/lib
  20. /var/lib/gems/2.5.0/gems/json_schema-0.20.9/lib
  21. /var/lib/gems/2.5.0/gems/tty-platform-0.3.0/lib
  22. /var/lib/gems/2.5.0/gems/zeitwerk-2.4.2/lib
  23. /var/lib/gems/2.5.0/gems/parallel-1.20.1/lib
  24. /var/lib/gems/2.5.0/gems/tty-color-0.6.0/lib
  25. /var/lib/gems/2.5.0/gems/pastel-0.8.0/lib
  26. /var/lib/gems/2.5.0/gems/tty-command-0.10.0/lib
  27. /var/lib/gems/2.5.0/gems/tty-which-0.4.2/lib
  28. /var/lib/gems/2.5.0/gems/json-2.5.1/lib
  29. /var/lib/gems/2.5.0/extensions/x86_64-linux/2.5.0/json-2.5.1
  30. /var/lib/gems/2.5.0/gems/fileutils-1.5.0/lib
  31. /var/lib/gems/2.5.0/gems/openssl-2.2.0/lib
  32. /var/lib/gems/2.5.0/extensions/x86_64-linux/2.5.0/openssl-2.2.0
  33. /var/lib/gems/2.5.0/gems/ipaddr-1.2.2/lib
  34. /var/lib/gems/2.5.0/gems/date-3.1.1/lib
  35. /var/lib/gems/2.5.0/extensions/x86_64-linux/2.5.0/date-3.1.1
  36. /var/lib/gems/2.5.0/gems/psych-3.3.0/lib
  37. /var/lib/gems/2.5.0/extensions/x86_64-linux/2.5.0/psych-3.3.0
  38. /var/lib/gems/2.5.0/gems/adsf-1.4.5/lib
  39. /var/lib/gems/2.5.0/gems/rack-2.2.3/lib
  40. /usr/local/lib/site_ruby/2.5.0
  41. /usr/local/lib/x86_64-linux-gnu/site_ruby
  42. /usr/local/lib/site_ruby
  43. /usr/lib/ruby/vendor_ruby/2.5.0
  44. /usr/lib/x86_64-linux-gnu/ruby/vendor_ruby/2.5.0
  45. /usr/lib/ruby/vendor_ruby
  46. /usr/lib/ruby/2.5.0
  47. /usr/lib/x86_64-linux-gnu/ruby/2.5.0
